{"total": {"lines":{"total":449,"covered":415,"skipped":0,"pct":92.42},"statements":{"total":464,"covered":425,"skipped":0,"pct":91.59},"functions":{"total":88,"covered":75,"skipped":0,"pct":85.22},"branches":{"total":186,"covered":145,"skipped":0,"pct":77.95},"branchesTrue":{"total":0,"covered":0,"skipped":0,"pct":"Unknown"}}
,"/Users/dmitrijd/Desktop/Start/npm_modules/mysql-transactional-tests/src/mysql.ts": {"lines":{"total":225,"covered":204,"skipped":0,"pct":90.66},"functions":{"total":44,"covered":37,"skipped":0,"pct":84.09},"statements":{"total":232,"covered":209,"skipped":0,"pct":90.08},"branches":{"total":92,"covered":68,"skipped":0,"pct":73.91}}
,"/Users/dmitrijd/Desktop/Start/npm_modules/mysql-transactional-tests/src/mysql2.ts": {"lines":{"total":224,"covered":211,"skipped":0,"pct":94.19},"functions":{"total":44,"covered":38,"skipped":0,"pct":86.36},"statements":{"total":232,"covered":216,"skipped":0,"pct":93.1},"branches":{"total":94,"covered":77,"skipped":0,"pct":81.91}}
}
