TN:
SF:src/index.ts
FN:17,patchMySQL
FN:18,(anonymous_2)
FN:31,(anonymous_3)
FN:47,(anonymous_4)
FN:56,(anonymous_5)
FN:64,(anonymous_6)
FN:77,(anonymous_7)
FN:81,(anonymous_8)
FN:90,(anonymous_9)
FN:95,(anonymous_10)
FN:115,(anonymous_11)
FN:121,(anonymous_12)
FN:138,(anonymous_13)
FN:145,(anonymous_14)
FN:151,(anonymous_15)
FN:152,(anonymous_16)
FN:165,createTrx
FN:169,(anonymous_18)
FN:170,(anonymous_19)
FN:177,(anonymous_20)
FN:178,(anonymous_21)
FN:183,(anonymous_22)
FN:184,(anonymous_23)
FN:193,(anonymous_24)
FN:197,(anonymous_25)
FN:199,(anonymous_26)
FN:200,(anonymous_27)
FN:215,addCustomSql
FN:234,getAllPropsOfObj
FNF:29
FNH:24
FNDA:6,patchMySQL
FNDA:29,(anonymous_2)
FNDA:6,(anonymous_3)
FNDA:15,(anonymous_4)
FNDA:15,(anonymous_5)
FNDA:17,(anonymous_6)
FNDA:990,(anonymous_7)
FNDA:4,(anonymous_8)
FNDA:8,(anonymous_9)
FNDA:4,(anonymous_10)
FNDA:2,(anonymous_11)
FNDA:2,(anonymous_12)
FNDA:6,(anonymous_13)
FNDA:6,(anonymous_14)
FNDA:6,(anonymous_15)
FNDA:6,(anonymous_16)
FNDA:6,createTrx
FNDA:6,(anonymous_18)
FNDA:6,(anonymous_19)
FNDA:0,(anonymous_20)
FNDA:0,(anonymous_21)
FNDA:6,(anonymous_22)
FNDA:6,(anonymous_23)
FNDA:6,(anonymous_24)
FNDA:0,(anonymous_25)
FNDA:0,(anonymous_26)
FNDA:0,(anonymous_27)
FNDA:8,addCustomSql
FNDA:15,getAllPropsOfObj
DA:1,2
DA:17,2
DA:18,6
DA:19,6
DA:31,6
DA:32,6
DA:33,6
DA:35,6
DA:47,6
DA:48,15
DA:49,6
DA:51,6
DA:54,6
DA:56,15
DA:61,6
DA:62,6
DA:64,6
DA:65,17
DA:66,17
DA:67,17
DA:68,17
DA:69,0
DA:71,17
DA:75,15
DA:76,15
DA:77,15
DA:78,990
DA:81,15
DA:82,4
DA:83,0
DA:86,4
DA:87,4
DA:88,4
DA:90,4
DA:91,8
DA:92,4
DA:93,4
DA:94,4
DA:95,4
DA:96,4
DA:97,0
DA:98,0
DA:100,4
DA:101,4
DA:102,4
DA:103,4
DA:106,4
DA:107,4
DA:108,4
DA:109,4
DA:110,4
DA:112,4
DA:115,4
DA:116,2
DA:117,2
DA:118,2
DA:121,4
DA:122,2
DA:123,2
DA:124,2
DA:127,4
DA:128,4
DA:131,15
DA:134,6
DA:137,6
DA:139,6
DA:140,6
DA:141,6
DA:143,6
DA:146,6
DA:147,6
DA:149,6
DA:150,6
DA:151,6
DA:152,6
DA:153,6
DA:156,6
DA:158,6
DA:169,6
DA:170,6
DA:171,6
DA:175,6
DA:177,0
DA:178,0
DA:179,0
DA:183,6
DA:184,6
DA:185,6
DA:193,6
DA:194,6
DA:198,0
DA:199,0
DA:200,0
DA:202,0
DA:203,0
DA:205,0
DA:206,0
DA:209,0
DA:217,8
DA:218,4
DA:219,4
DA:220,2
DA:222,2
DA:224,8
DA:225,8
DA:226,0
DA:228,8
DA:230,8
DA:235,15
DA:236,15
DA:237,75
DA:238,75
DA:239,1140
DA:240,1140
DA:243,15
LF:115
LH:99
BRDA:17,0,0,6
BRDA:18,1,0,6
BRDA:18,1,1,6
BRDA:48,2,0,6
BRDA:67,3,0,17
BRDA:67,3,1,17
BRDA:68,4,0,0
BRDA:82,5,0,0
BRDA:91,6,0,4
BRDA:94,7,0,4
BRDA:94,7,1,4
BRDA:94,7,2,4
BRDA:94,7,3,4
BRDA:96,8,0,0
BRDA:108,9,0,4
BRDA:108,9,1,4
BRDA:109,10,0,4
BRDA:140,11,0,6
BRDA:146,12,0,6
BRDA:149,13,0,6
BRDA:153,14,0,0
BRDA:153,14,1,6
BRDA:171,15,0,0
BRDA:171,15,1,6
BRDA:175,16,0,0
BRDA:179,17,0,0
BRDA:179,17,1,0
BRDA:185,18,0,0
BRDA:185,18,1,6
BRDA:205,19,0,0
BRDA:217,20,0,4
BRDA:217,20,1,4
BRDA:219,21,0,2
BRDA:219,21,1,2
BRDA:225,22,0,0
BRDA:225,22,1,8
BRDA:225,23,0,8
BRDA:225,23,1,0
BRDA:225,23,2,0
BRF:39
BRH:26
end_of_record
